<?xml version="1.0" encoding="UTF-8"?>
<!-- Generated by org.testng.reporters.JUnitXMLReporter -->
<testsuite ignored="0" hostname="DESKTOP-8S6QOCR" failures="1" tests="7" name="SjTest" time="171.59" errors="0" timestamp="2024-06-06T17:23:40 IST">
  <testcase classname="baseSpiceJet.TC_05_BookingSpiceJetFlight" name="bookingFlight" time="10.451"/>
  <testcase classname="baseSpiceJet.TC_06_ValidationOfFiledsSpicejet" name="validationOfFiledsSpicejet" time="1.648"/>
  <testcase classname="baseSpiceJet.TC_07_FillingBookingFormPaymentInfo" name="fillingBookingInfo" time="23.52"/>
  <testcase classname="baseSpiceJet.TC_01_SpiceJetSignup" name="testSignUp" time="10.749">
    <failure type="org.openqa.selenium.ElementNotInteractableException" message="Element &amp;lt;input id=&amp;quot;defaultCheck1&amp;quot; class=&amp;quot;form-check-input mt-02&amp;quot; type=&amp;quot;checkbox&amp;quot;&amp;gt; could not be scrolled into view
Build info: version: &amp;apos;4.19.0&amp;apos;, revision: &amp;apos;5f9cec8963&amp;apos;
System info: os.name: &amp;apos;Windows 10&amp;apos;, os.arch: &amp;apos;amd64&amp;apos;, os.version: &amp;apos;10.0&amp;apos;, java.version: &amp;apos;21.0.2&amp;apos;
Driver info: org.openqa.selenium.firefox.FirefoxDriver
Command: [d145442d-425f-4a9a-b190-31bc5d2bd3b5, clickElement {id=46d26398-11a1-4e61-90aa-bb944b2d1244}]
Capabilities {acceptInsecureCerts: true, browserName: firefox, browserVersion: 126.0.1, moz:accessibilityChecks: false, moz:buildID: 20240526221752, moz:debuggerAddress: 127.0.0.1:10753, moz:geckodriverVersion: 0.34.0, moz:headless: false, moz:platformVersion: 10.0, moz:processID: 12592, moz:profile: C:\Users\priya\AppData\Loca..., moz:shutdownTimeout: 60000, moz:webdriverClick: true, moz:windowless: false, pageLoadStrategy: normal, platformName: windows, proxy: Proxy(), se:cdp: ws://127.0.0.1:10753/devtoo..., se:cdpVersion: 85.0, setWindowRect: true, strictFileInteractability: false, timeouts: {implicit: 0, pageLoad: 300000, script: 30000}, unhandledPromptBehavior: dismiss and notify, userAgent: Mozilla/5.0 (Windows NT 10....}
Element: [[FirefoxDriver: firefox on windows (d145442d-425f-4a9a-b190-31bc5d2bd3b5)] -&amp;gt; xpath: (//input[@id=&amp;apos;defaultCheck1&amp;apos;])[1]]
Session ID: d145442d-425f-4a9a-b190-31bc5d2bd3b5">
      <![CDATA[org.openqa.selenium.ElementNotInteractableException: Element <input id="defaultCheck1" class="form-check-input mt-02" type="checkbox"> could not be scrolled into view
Build info: version: '4.19.0', revision: '5f9cec8963'
System info: os.name: 'Windows 10', os.arch: 'amd64', os.version: '10.0', java.version: '21.0.2'
Driver info: org.openqa.selenium.firefox.FirefoxDriver
Command: [d145442d-425f-4a9a-b190-31bc5d2bd3b5, clickElement {id=46d26398-11a1-4e61-90aa-bb944b2d1244}]
Capabilities {acceptInsecureCerts: true, browserName: firefox, browserVersion: 126.0.1, moz:accessibilityChecks: false, moz:buildID: 20240526221752, moz:debuggerAddress: 127.0.0.1:10753, moz:geckodriverVersion: 0.34.0, moz:headless: false, moz:platformVersion: 10.0, moz:processID: 12592, moz:profile: C:\Users\priya\AppData\Loca..., moz:shutdownTimeout: 60000, moz:webdriverClick: true, moz:windowless: false, pageLoadStrategy: normal, platformName: windows, proxy: Proxy(), se:cdp: ws://127.0.0.1:10753/devtoo..., se:cdpVersion: 85.0, setWindowRect: true, strictFileInteractability: false, timeouts: {implicit: 0, pageLoad: 300000, script: 30000}, unhandledPromptBehavior: dismiss and notify, userAgent: Mozilla/5.0 (Windows NT 10....}
Element: [[FirefoxDriver: firefox on windows (d145442d-425f-4a9a-b190-31bc5d2bd3b5)] -> xpath: (//input[@id='defaultCheck1'])[1]]
Session ID: d145442d-425f-4a9a-b190-31bc5d2bd3b5
at org.openqa.selenium.remote.ErrorCodec.decode(ErrorCodec.java:167)
at org.openqa.selenium.remote.codec.w3c.W3CHttpResponseCodec.decode(W3CHttpResponseCodec.java:138)
at org.openqa.selenium.remote.codec.w3c.W3CHttpResponseCodec.decode(W3CHttpResponseCodec.java:50)
at org.openqa.selenium.remote.HttpCommandExecutor.execute(HttpCommandExecutor.java:190)
at org.openqa.selenium.remote.service.DriverCommandExecutor.invokeExecute(DriverCommandExecutor.java:216)
at org.openqa.selenium.remote.service.DriverCommandExecutor.execute(DriverCommandExecutor.java:174)
at org.openqa.selenium.remote.RemoteWebDriver.execute(RemoteWebDriver.java:518)
at org.openqa.selenium.remote.RemoteWebElement.execute(RemoteWebElement.java:223)
at org.openqa.selenium.remote.RemoteWebElement.click(RemoteWebElement.java:76)
at org.openqa.selenium.support.pagefactory.internal.LocatingElementHandler.invoke(LocatingElementHandler.java:51)
at jdk.proxy2/jdk.proxy2.$Proxy12.click(Unknown Source)
at spicejetFlightBooking.SignupSpiceJet.clickCheckbox(SignupSpiceJet.java:134)
at baseSpiceJet.TC_01_SpiceJetSignup.testSignUp(TC_01_SpiceJetSignup.java:29)
at java.base/java.util.ArrayList.forEach(ArrayList.java:1596)
... Removed 30 stack frames]]>
    </failure>
  </testcase> <!-- testSignUp -->
  <testcase classname="baseSpiceJet.TC_03_OneWaySearchFlightSpiceJet" name="testSearchFlights" time="9.746"/>
  <testcase classname="baseSpiceJet.TC_04_RoundTripSearchFlight" name="testRoundTripSearch" time="9.051"/>
  <testcase classname="baseSpiceJet.TC_02_LoginSpiceJet" name="testLoginSpicsJet" time="6.572"/>
</testsuite> <!-- SjTest -->
